  MainPrueba.cpp
C:\Users\david\OneDrive\Escritorio\PROYECTOFINAL2024-1-main\PROYECTOFINAL2024-1-main\ProyectoFinal\MainPrueba.cpp(135,25): warning C4244: '=': conversión de 'double' a 'float'; posible pérdida de datos
C:\Users\david\OneDrive\Escritorio\PROYECTOFINAL2024-1-main\PROYECTOFINAL2024-1-main\ProyectoFinal\MainPrueba.cpp(141,26): warning C4244: '=': conversión de 'double' a 'float'; posible pérdida de datos
C:\Users\david\OneDrive\Escritorio\PROYECTOFINAL2024-1-main\PROYECTOFINAL2024-1-main\ProyectoFinal\MainPrueba.cpp(144,26): warning C4244: '=': conversión de 'double' a 'float'; posible pérdida de datos
C:\Users\david\OneDrive\Escritorio\PROYECTOFINAL2024-1-main\PROYECTOFINAL2024-1-main\ProyectoFinal\MainPrueba.cpp(149,66): warning C4244: '=': conversión de 'double' a 'float'; posible pérdida de datos
C:\Users\david\OneDrive\Escritorio\PROYECTOFINAL2024-1-main\PROYECTOFINAL2024-1-main\ProyectoFinal\MainPrueba.cpp(152,66): warning C4244: '=': conversión de 'double' a 'float'; posible pérdida de datos
C:\Users\david\OneDrive\Escritorio\PROYECTOFINAL2024-1-main\PROYECTOFINAL2024-1-main\ProyectoFinal\MainPrueba.cpp(499,24): warning C4244: 'inicializando': conversión de 'double' a 'GLfloat'; posible pérdida de datos
C:\Users\david\OneDrive\Escritorio\PROYECTOFINAL2024-1-main\PROYECTOFINAL2024-1-main\ProyectoFinal\MainPrueba.cpp(632,11): warning C4244: 'inicializando': conversión de 'double' a 'float'; posible pérdida de datos
C:\Users\david\OneDrive\Escritorio\PROYECTOFINAL2024-1-main\PROYECTOFINAL2024-1-main\ProyectoFinal\MainPrueba.cpp(633,18): warning C4244: 'inicializando': conversión de 'genFIType' a 'float'; posible pérdida de datos
          with
          [
              genFIType=double
          ]
C:\Users\david\OneDrive\Escritorio\PROYECTOFINAL2024-1-main\PROYECTOFINAL2024-1-main\ProyectoFinal\MainPrueba.cpp(634,18): warning C4244: 'inicializando': conversión de 'double' a 'float'; posible pérdida de datos
C:\Users\david\OneDrive\Escritorio\PROYECTOFINAL2024-1-main\PROYECTOFINAL2024-1-main\ProyectoFinal\MainPrueba.cpp(918,26): warning C4244: '=': conversión de 'double' a 'float'; posible pérdida de datos
C:\Users\david\OneDrive\Escritorio\PROYECTOFINAL2024-1-main\PROYECTOFINAL2024-1-main\ProyectoFinal\MainPrueba.cpp(1056,11): warning C4244: '=': conversión de 'double' a 'GLfloat'; posible pérdida de datos
C:\Users\david\OneDrive\Escritorio\PROYECTOFINAL2024-1-main\PROYECTOFINAL2024-1-main\ProyectoFinal\MainPrueba.cpp(1057,11): warning C4244: '=': conversión de 'double' a 'GLfloat'; posible pérdida de datos
C:\Users\david\OneDrive\Escritorio\PROYECTOFINAL2024-1-main\PROYECTOFINAL2024-1-main\ProyectoFinal\MainPrueba.cpp(1061,18): warning C4244: 'inicializando': conversión de 'double' a 'GLfloat'; posible pérdida de datos
C:\Users\david\OneDrive\Escritorio\PROYECTOFINAL2024-1-main\PROYECTOFINAL2024-1-main\ProyectoFinal\MainPrueba.cpp(1062,18): warning C4244: 'inicializando': conversión de 'double' a 'GLfloat'; posible pérdida de datos
C:\Users\david\OneDrive\Escritorio\PROYECTOFINAL2024-1-main\PROYECTOFINAL2024-1-main\ProyectoFinal\MainPrueba.cpp(1064,10): warning C4244: '=': conversión de 'double' a 'GLfloat'; posible pérdida de datos
C:\Users\david\OneDrive\Escritorio\PROYECTOFINAL2024-1-main\PROYECTOFINAL2024-1-main\ProyectoFinal\MainPrueba.cpp(1065,10): warning C4244: '=': conversión de 'double' a 'GLfloat'; posible pérdida de datos
C:\Users\david\OneDrive\Escritorio\PROYECTOFINAL2024-1-main\PROYECTOFINAL2024-1-main\ProyectoFinal\MainPrueba.cpp(1091,13): warning C4305: '+=': truncamiento de 'double' a 'float'
soil2-debug.lib(SOIL2.obj) : warning LNK4075: se omite '/EDITANDCONTINUE' debido a la especificación '/OPT:ICF'
LINK : warning LNK4098: la biblioteca predeterminada'MSVCRTD' entra en conflicto con otras bibliotecas; use la biblioteca /NODEFAULTLIB:biblioteca
  Generando código
  1 of 694 functions ( 0.1%) were compiled, the rest were copied from previous compilation.
    0 functions were new in current compilation
    3 functions had inline decision re-evaluated but remain unchanged
  Generación de código finalizada
soil2-debug.lib(etc1_utils.obj) : warning LNK4099: no se encontró PDB '' con 'soil2-debug.lib(etc1_utils.obj)' o en ''; se vinculará el objeto sin tener en cuenta información de depuración
soil2-debug.lib(image_DXT.obj) : warning LNK4099: no se encontró PDB '' con 'soil2-debug.lib(image_DXT.obj)' o en ''; se vinculará el objeto sin tener en cuenta información de depuración
soil2-debug.lib(image_helper.obj) : warning LNK4099: no se encontró PDB '' con 'soil2-debug.lib(image_helper.obj)' o en ''; se vinculará el objeto sin tener en cuenta información de depuración
soil2-debug.lib(SOIL2.obj) : warning LNK4099: no se encontró PDB '' con 'soil2-debug.lib(SOIL2.obj)' o en ''; se vinculará el objeto sin tener en cuenta información de depuración
  ProyectoFinal.vcxproj -> C:\Users\david\OneDrive\Escritorio\PROYECTOFINAL2024-1-main\PROYECTOFINAL2024-1-main\Release\ProyectoFinal.exe
